<?xml version="1.0" encoding="UTF-8"?><testsuite failures="0" name="cucumber.runtime.formatter.JUnitFormatter" skipped="0" tests="1" time="20.752082">
<testcase classname="Book flight tickets" name="Find and book flight tickets" time="20.752082">
<system-out><![CDATA[Given I am in the login page of the application.............................passed
And I login using the valid username mercury and the valid password mercury.passed
Given I search for flights using the following criteria:....................passed
And I select the first available flight.....................................passed
And I book the tickets using the following passenger details:...............passed
And I use the following credit card details:................................passed
Then I should get a booking confirmation with a confirmation number.........passed
]]></system-out>
</testcase>
</testsuite>
