<?xml version="1.0" encoding="UTF-8"?>
<testng-results skipped="0" failed="0" ignored="0" total="1" passed="1">
  <reporter-output>
  </reporter-output>
  <suite name="Default suite" duration-ms="2221" started-at="2019-01-18T10:28:33Z" finished-at="2019-01-18T10:28:36Z">
    <groups>
      <group name="cucumber">
        <method signature="AbstractTestNGCucumberTests.feature(cucumber.api.testng.CucumberFeatureWrapper)[pri:0, instance:com.CucumberFramework.TestNGrunners.RunCucumberTests_Smoke@934b52f]" name="feature" class="cucumber.api.testng.AbstractTestNGCucumberTests"/>
      </group> <!-- cucumber -->
    </groups>
    <test name="Default test" duration-ms="2221" started-at="2019-01-18T10:28:33Z" finished-at="2019-01-18T10:28:36Z">
      <class name="com.CucumberFramework.TestNGrunners.RunCucumberTests_Smoke">
        <test-method status="PASS" signature="setUpClass()[pri:0, instance:com.CucumberFramework.TestNGrunners.RunCucumberTests_Smoke@934b52f]" name="setUpClass" is-config="true" duration-ms="616" started-at="2019-01-18T15:58:33Z" finished-at="2019-01-18T15:58:34Z">
          <reporter-output>
          </reporter-output>
        </test-method> <!-- setUpClass -->
        <test-method status="PASS" signature="feature(cucumber.api.testng.CucumberFeatureWrapper)[pri:0, instance:com.CucumberFramework.TestNGrunners.RunCucumberTests_Smoke@934b52f]" name="feature" duration-ms="933" started-at="2019-01-18T15:58:34Z" description="Runs Cucumber Feature" data-provider="features" finished-at="2019-01-18T15:58:35Z">
          <params>
            <param index="0">
              <value>
                <![CDATA[Book flight tickets]]>
              </value>
            </param>
          </params>
          <reporter-output>
          </reporter-output>
        </test-method> <!-- feature -->
        <test-method status="PASS" signature="tearDownClass()[pri:0, instance:com.CucumberFramework.TestNGrunners.RunCucumberTests_Smoke@934b52f]" name="tearDownClass" is-config="true" duration-ms="61" started-at="2019-01-18T15:58:35Z" finished-at="2019-01-18T15:58:35Z">
          <reporter-output>
          </reporter-output>
        </test-method> <!-- tearDownClass -->
        <test-method status="PASS" signature="test()[pri:0, instance:com.CucumberFramework.TestNGrunners.RunCucumberTests_Smoke@934b52f]" name="test" is-config="true" duration-ms="351" started-at="2019-01-18T15:58:35Z" finished-at="2019-01-18T15:58:36Z">
          <reporter-output>
          </reporter-output>
        </test-method> <!-- test -->
        <test-method status="PASS" signature="copyStoredReports()[pri:0, instance:com.CucumberFramework.TestNGrunners.RunCucumberTests_Smoke@934b52f]" name="copyStoredReports" is-config="true" duration-ms="0" started-at="2019-01-18T15:58:36Z" finished-at="2019-01-18T15:58:36Z">
          <reporter-output>
          </reporter-output>
        </test-method> <!-- copyStoredReports -->
      </class> <!-- com.CucumberFramework.TestNGrunners.RunCucumberTests_Smoke -->
    </test> <!-- Default test -->
  </suite> <!-- Default suite -->
</testng-results>
