<?xml version="1.0" encoding="UTF-8" standalone="no"?>
<testsuite failures="1" name="cucumber.runtime.formatter.JUnitFormatter" skipped="0" tests="1" time="2.226528">
<testcase classname="Book flight tickets" name="Find and book flight tickets" time="2.226528">
<failure message="java.lang.NullPointerException&#13;&#10;&#9;at com.CucumberFramework.supportLibraries.DriverManager.setWebDriver(DriverManager.java:76)&#13;&#10;&#9;at com.CucumberFramework.supportLibraries.DriverManager.getWebDriver(DriverManager.java:39)&#13;&#10;&#9;at com.CucumberFramework.stepDefinitions.GeneralStepDefs.&lt;init&gt;(GeneralStepDefs.java:16)&#13;&#10;&#9;at sun.reflect.NativeConstructorAccessorImpl.newInstance0(Native Method)&#13;&#10;&#9;at sun.reflect.NativeConstructorAccessorImpl.newInstance(Unknown Source)&#13;&#10;&#9;at sun.reflect.DelegatingConstructorAccessorImpl.newInstance(Unknown Source)&#13;&#10;&#9;at java.lang.reflect.Constructor.newInstance(Unknown Source)&#13;&#10;&#9;at org.picocontainer.injectors.AbstractInjector.newInstance(AbstractInjector.java:145)&#13;&#10;&#9;at org.picocontainer.injectors.ConstructorInjector$1.run(ConstructorInjector.java:342)&#13;&#10;&#9;at org.picocontainer.injectors.AbstractInjector$ThreadLocalCyclicDependencyGuard.observe(AbstractInjector.java:270)&#13;&#10;&#9;at org.picocontainer.injectors.ConstructorInjector.getComponentInstance(ConstructorInjector.java:364)&#13;&#10;&#9;at org.picocontainer.behaviors.AbstractBehavior.getComponentInstance(AbstractBehavior.java:64)&#13;&#10;&#9;at org.picocontainer.behaviors.Stored.getComponentInstance(Stored.java:91)&#13;&#10;&#9;at org.picocontainer.DefaultPicoContainer.getInstance(DefaultPicoContainer.java:699)&#13;&#10;&#9;at org.picocontainer.DefaultPicoContainer.getComponent(DefaultPicoContainer.java:647)&#13;&#10;&#9;at org.picocontainer.DefaultPicoContainer.getComponent(DefaultPicoContainer.java:678)&#13;&#10;&#9;at cucumber.runtime.java.picocontainer.PicoFactory.getInstance(PicoFactory.java:37)&#13;&#10;&#9;at cucumber.runtime.java.JavaStepDefinition.execute(JavaStepDefinition.java:38)&#13;&#10;&#9;at cucumber.runtime.StepDefinitionMatch.runStep(StepDefinitionMatch.java:37)&#13;&#10;&#9;at cucumber.runtime.Runtime.runStep(Runtime.java:300)&#13;&#10;&#9;at cucumber.runtime.model.StepContainer.runStep(StepContainer.java:44)&#13;&#10;&#9;at cucumber.runtime.model.StepContainer.runSteps(StepContainer.java:39)&#13;&#10;&#9;at cucumber.runtime.model.CucumberScenario.runBackground(CucumberScenario.java:59)&#13;&#10;&#9;at cucumber.runtime.model.CucumberScenario.run(CucumberScenario.java:42)&#13;&#10;&#9;at cucumber.runtime.model.CucumberFeature.run(CucumberFeature.java:165)&#13;&#10;&#9;at cucumber.api.testng.TestNGCucumberRunner.runCucumber(TestNGCucumberRunner.java:63)&#13;&#10;&#9;at cucumber.api.testng.AbstractTestNGCucumberTests.feature(AbstractTestNGCucumberTests.java:21)&#13;&#10;&#9;at sun.reflect.NativeMethodAccessorImpl.invoke0(Native Method)&#13;&#10;&#9;at sun.reflect.NativeMethodAccessorImpl.invoke(Unknown Source)&#13;&#10;&#9;at sun.reflect.DelegatingMethodAccessorImpl.invoke(Unknown Source)&#13;&#10;&#9;at java.lang.reflect.Method.invoke(Unknown Source)&#13;&#10;&#9;at org.testng.internal.MethodInvocationHelper.invokeMethod(MethodInvocationHelper.java:108)&#13;&#10;&#9;at org.testng.internal.Invoker.invokeMethod(Invoker.java:661)&#13;&#10;&#9;at org.testng.internal.Invoker.invokeTestMethod(Invoker.java:869)&#13;&#10;&#9;at org.testng.internal.Invoker.invokeTestMethods(Invoker.java:1193)&#13;&#10;&#9;at org.testng.internal.TestMethodWorker.invokeTestMethods(TestMethodWorker.java:126)&#13;&#10;&#9;at org.testng.internal.TestMethodWorker.run(TestMethodWorker.java:109)&#13;&#10;&#9;at org.testng.TestRunner.privateRun(TestRunner.java:744)&#13;&#10;&#9;at org.testng.TestRunner.run(TestRunner.java:602)&#13;&#10;&#9;at org.testng.SuiteRunner.runTest(SuiteRunner.java:380)&#13;&#10;&#9;at org.testng.SuiteRunner.access$000(SuiteRunner.java:39)&#13;&#10;&#9;at org.testng.SuiteRunner$SuiteWorker.run(SuiteRunner.java:414)&#13;&#10;&#9;at org.testng.internal.thread.ThreadUtil$1.call(ThreadUtil.java:52)&#13;&#10;&#9;at java.util.concurrent.FutureTask.run(Unknown Source)&#13;&#10;&#9;at java.util.concurrent.ThreadPoolExecutor.runWorker(Unknown Source)&#13;&#10;&#9;at java.util.concurrent.ThreadPoolExecutor$Worker.run(Unknown Source)&#13;&#10;&#9;at java.lang.Thread.run(Unknown Source)&#13;&#10;&#9;at ✽.Given I am in the login page of the application(BookFlightTickets.feature:8)&#13;&#10;"><![CDATA[Given I am in the login page of the application.............................failed
And I login using the valid username mercury and the valid password mercury.skipped
Given I search for flights using the following criteria:....................skipped
And I select the first available flight.....................................skipped
And I book the tickets using the following passenger details:...............skipped
And I use the following credit card details:................................skipped
Then I should get a booking confirmation with a confirmation number.........skipped

StackTrace:
java.lang.NullPointerException
	at com.CucumberFramework.supportLibraries.DriverManager.setWebDriver(DriverManager.java:76)
	at com.CucumberFramework.supportLibraries.DriverManager.getWebDriver(DriverManager.java:39)
	at com.CucumberFramework.stepDefinitions.GeneralStepDefs.<init>(GeneralStepDefs.java:16)
	at sun.reflect.NativeConstructorAccessorImpl.newInstance0(Native Method)
	at sun.reflect.NativeConstructorAccessorImpl.newInstance(Unknown Source)
	at sun.reflect.DelegatingConstructorAccessorImpl.newInstance(Unknown Source)
	at java.lang.reflect.Constructor.newInstance(Unknown Source)
	at org.picocontainer.injectors.AbstractInjector.newInstance(AbstractInjector.java:145)
	at org.picocontainer.injectors.ConstructorInjector$1.run(ConstructorInjector.java:342)
	at org.picocontainer.injectors.AbstractInjector$ThreadLocalCyclicDependencyGuard.observe(AbstractInjector.java:270)
	at org.picocontainer.injectors.ConstructorInjector.getComponentInstance(ConstructorInjector.java:364)
	at org.picocontainer.behaviors.AbstractBehavior.getComponentInstance(AbstractBehavior.java:64)
	at org.picocontainer.behaviors.Stored.getComponentInstance(Stored.java:91)
	at org.picocontainer.DefaultPicoContainer.getInstance(DefaultPicoContainer.java:699)
	at org.picocontainer.DefaultPicoContainer.getComponent(DefaultPicoContainer.java:647)
	at org.picocontainer.DefaultPicoContainer.getComponent(DefaultPicoContainer.java:678)
	at cucumber.runtime.java.picocontainer.PicoFactory.getInstance(PicoFactory.java:37)
	at cucumber.runtime.java.JavaStepDefinition.execute(JavaStepDefinition.java:38)
	at cucumber.runtime.StepDefinitionMatch.runStep(StepDefinitionMatch.java:37)
	at cucumber.runtime.Runtime.runStep(Runtime.java:300)
	at cucumber.runtime.model.StepContainer.runStep(StepContainer.java:44)
	at cucumber.runtime.model.StepContainer.runSteps(StepContainer.java:39)
	at cucumber.runtime.model.CucumberScenario.runBackground(CucumberScenario.java:59)
	at cucumber.runtime.model.CucumberScenario.run(CucumberScenario.java:42)
	at cucumber.runtime.model.CucumberFeature.run(CucumberFeature.java:165)
	at cucumber.api.testng.TestNGCucumberRunner.runCucumber(TestNGCucumberRunner.java:63)
	at cucumber.api.testng.AbstractTestNGCucumberTests.feature(AbstractTestNGCucumberTests.java:21)
	at sun.reflect.NativeMethodAccessorImpl.invoke0(Native Method)
	at sun.reflect.NativeMethodAccessorImpl.invoke(Unknown Source)
	at sun.reflect.DelegatingMethodAccessorImpl.invoke(Unknown Source)
	at java.lang.reflect.Method.invoke(Unknown Source)
	at org.testng.internal.MethodInvocationHelper.invokeMethod(MethodInvocationHelper.java:108)
	at org.testng.internal.Invoker.invokeMethod(Invoker.java:661)
	at org.testng.internal.Invoker.invokeTestMethod(Invoker.java:869)
	at org.testng.internal.Invoker.invokeTestMethods(Invoker.java:1193)
	at org.testng.internal.TestMethodWorker.invokeTestMethods(TestMethodWorker.java:126)
	at org.testng.internal.TestMethodWorker.run(TestMethodWorker.java:109)
	at org.testng.TestRunner.privateRun(TestRunner.java:744)
	at org.testng.TestRunner.run(TestRunner.java:602)
	at org.testng.SuiteRunner.runTest(SuiteRunner.java:380)
	at org.testng.SuiteRunner.access$000(SuiteRunner.java:39)
	at org.testng.SuiteRunner$SuiteWorker.run(SuiteRunner.java:414)
	at org.testng.internal.thread.ThreadUtil$1.call(ThreadUtil.java:52)
	at java.util.concurrent.FutureTask.run(Unknown Source)
	at java.util.concurrent.ThreadPoolExecutor.runWorker(Unknown Source)
	at java.util.concurrent.ThreadPoolExecutor$Worker.run(Unknown Source)
	at java.lang.Thread.run(Unknown Source)
	at ✽.Given I am in the login page of the application(BookFlightTickets.feature:8)
]]></failure>
</testcase>
</testsuite>
